{
  "RSpec": {
    "coverage": {
      "/Users/alexanderhandy/OneDrive/MA_Projects/bitcoin-lab/spec/features/donor_sign_up_spec.rb": [
        1,
        1,
        null,
        null,
        1,
        null,
        1,
        1,
        0,
        0,
        0,
        0,
        0,
        null,
        null,
        1,
        null,
        null,
        null
      ],
      "/Users/alexanderhandy/OneDrive/MA_Projects/bitcoin-lab/spec/features/helpers/spec_helpers.rb": [
        1,
        null,
        1,
        0,
        0,
        0,
        0,
        0,
        0,
        null,
        null,
        null,
        1,
        2,
        2,
        2,
        2,
        null,
        null,
        null
      ],
      "/Users/alexanderhandy/OneDrive/MA_Projects/bitcoin-lab/spec/features/donor_signs_in_spec.rb": [
        1,
        1,
        null,
        1,
        null,
        1,
        1,
        2,
        null,
        null,
        null,
        null,
        null,
        1,
        1,
        1,
        1,
        1,
        1,
        null,
        null,
        1,
        0,
        0,
        0,
        0,
        0,
        0,
        null,
        null,
        1,
        1,
        1,
        1,
        1,
        1,
        null,
        null,
        1,
        0,
        0,
        0,
        0,
        0,
        null,
        null,
        null
      ],
      "/Users/alexanderhandy/OneDrive/MA_Projects/bitcoin-lab/spec/features/donor_sigs_out_spec.rb": [

      ],
      "/Users/alexanderhandy/OneDrive/MA_Projects/bitcoin-lab/spec/features/show_entrepreneurs_spec.rb": [
        1,
        null,
        1,
        1,
        3,
        null,
        null,
        null,
        1,
        1,
        1,
        null,
        null,
        1,
        1,
        1,
        1,
        1,
        null,
        null,
        1,
        1,
        1,
        1,
        1,
        null,
        null
      ]
    },
    "timestamp": 1433251081
  }
}
